<?xml version="1.0" encoding="UTF-8"?>
<!-- Generated by org.testng.reporters.JUnitXMLReporter -->
<testsuite hostname="LAPTOP-JEI8AS0O" ignored="0" name="Test" tests="8" failures="3" timestamp="31 Aug 2019 18:45:03 GMT" time="51.207" errors="0">
  <testcase name="verifyLoginSuccess" time="0.855" classname="testcases.LoginFeature"/>
  <testcase name="verifyLoginSuccess" time="1.03" classname="testcases.LoginFeaturePartTwo"/>
  <testcase name="verifyLoginFailure" time="0.368" classname="testcases.LoginFeature">
    <failure type="java.lang.AssertionError" message="expected [true] but found [false]">
      <![CDATA[java.lang.AssertionError: expected [true] but found [false]
at testcases.LoginFeature.verifyLoginFailure(LoginFeature.java:40)
... Removed 29 stack frames]]>
    </failure>
  </testcase> <!-- verifyLoginFailure -->
  <testcase name="verifyLoginFailure" time="0.411" classname="testcases.LoginFeaturePartTwo">
    <failure type="java.lang.AssertionError" message="expected [true] but found [false]">
      <![CDATA[java.lang.AssertionError: expected [true] but found [false]
at testcases.LoginFeaturePartTwo.verifyLoginFailure(LoginFeaturePartTwo.java:40)
... Removed 29 stack frames]]>
    </failure>
  </testcase> <!-- verifyLoginFailure -->
  <testcase name="verifyQuickLunchCount" time="1.884" classname="testcases.LoginFeature"/>
  <testcase name="verifyQuickLunchCount" time="1.046" classname="testcases.LoginFeaturePartTwo">
    <failure type="java.lang.AssertionError" message="expected [3] but found [0]">
      <![CDATA[java.lang.AssertionError: expected [3] but found [0]
at testcases.LoginFeaturePartTwo.verifyQuickLunchCount(LoginFeaturePartTwo.java:46)
at java.util.concurrent.Executors$RunnableAdapter.call(Executors.java:511)
at java.util.concurrent.FutureTask.run(FutureTask.java:266)
at java.util.concurrent.ThreadPoolExecutor.runWorker(ThreadPoolExecutor.java:1149)
at java.util.concurrent.ThreadPoolExecutor$Worker.run(ThreadPoolExecutor.java:624)
at java.lang.Thread.run(Thread.java:748)
... Removed 13 stack frames]]>
    </failure>
  </testcase> <!-- verifyQuickLunchCount -->
  <testcase name="verifyQuickLaunchText" time="1.163" classname="testcases.LoginFeature"/>
  <testcase name="verifyQuickLaunchText" time="0.0" classname="testcases.LoginFeaturePartTwo">
    <skipped/>
  </testcase> <!-- verifyQuickLaunchText -->
</testsuite> <!-- Test -->
